<?xml version="1.0" encoding="UTF-8"?>
<!-- Generated by org.testng.reporters.JUnitReportReporter -->
<testsuite hostname="Narendras-MacBook-Pro.local" failures="0" tests="3" name="testcases.Logintest" time="31.820" errors="0" timestamp="07 Jul 2021 10:06:37 GMT" skipped="0">
  <testcase classname="testcases.Logintest" name="loginmanager" time="7.365"/>
  <testcase classname="testcases.Logintest" name="deposit" time="14.831"/>
  <testcase classname="testcases.Logintest" name="transcation" time="9.624"/>
</testsuite> <!-- testcases.Logintest -->
