<?xml version="1.0" encoding="UTF-8"?>
<!-- Generated by org.testng.reporters.JUnitReportReporter -->
<testsuite hostname="Narendras-MacBook-Pro.local" failures="0" tests="2" name="testcases.Logintest" time="26.799" errors="0" timestamp="05 Jul 2021 08:15:35 GMT" skipped="0">
  <testcase classname="testcases.Logintest" name="loginmanager" time="6.838"/>
  <testcase classname="testcases.Logintest" name="deposit" time="19.961"/>
</testsuite> <!-- testcases.Logintest -->
