<?xml version="1.0" encoding="UTF-8"?>
<!-- Generated by org.testng.reporters.JUnitReportReporter -->
<testsuite hostname="Narendras-MacBook-Pro.local" failures="0" tests="3" name="testcases.Logintest" time="30.599" errors="0" timestamp="07 Jul 2021 08:48:29 GMT" skipped="0">
  <testcase classname="testcases.Logintest" name="loginmanager" time="6.853"/>
  <testcase classname="testcases.Logintest" name="deposit" time="14.507"/>
  <testcase classname="testcases.Logintest" name="transcation" time="9.239"/>
</testsuite> <!-- testcases.Logintest -->
