<?xml version="1.0" encoding="UTF-8"?>
<!-- Generated by org.testng.reporters.JUnitReportReporter -->
<testsuite hostname="Narendras-MacBook-Pro.local" failures="0" tests="1" name="testcases.Logintest" time="33.770" errors="0" timestamp="09 Jul 2021 06:51:47 GMT" skipped="0">
  <testcase classname="testcases.Logintest" name="loginmanager" time="33.770"/>
</testsuite> <!-- testcases.Logintest -->
